\\PARADIS\ELEVES\SBERRADA.SOUNI\VISUAL STUDIO 2010\PROJECTS\MC_PRICER\DEBUG\MC_PRICER.PDB
\\PARADIS\ELEVES\SBERRADA.SOUNI\VISUAL STUDIO 2010\PROJECTS\MC_PRICER\MC_PRICER\DEBUG\CALL.OBJ
\\PARADIS\ELEVES\SBERRADA.SOUNI\VISUAL STUDIO 2010\PROJECTS\MC_PRICER\MC_PRICER\DEBUG\DOUBLEDIGITAL.OBJ
\\PARADIS\ELEVES\SBERRADA.SOUNI\VISUAL STUDIO 2010\PROJECTS\MC_PRICER\MC_PRICER\DEBUG\MAIN_MC1.OBJ
\\PARADIS\ELEVES\SBERRADA.SOUNI\VISUAL STUDIO 2010\PROJECTS\MC_PRICER\MC_PRICER\DEBUG\PAYOFF1.OBJ
\\PARADIS\ELEVES\SBERRADA.SOUNI\VISUAL STUDIO 2010\PROJECTS\MC_PRICER\MC_PRICER\DEBUG\PUT.OBJ
\\PARADIS\ELEVES\SBERRADA.SOUNI\VISUAL STUDIO 2010\PROJECTS\MC_PRICER\MC_PRICER\DEBUG\RANDOM.OBJ
\\PARADIS\ELEVES\SBERRADA.SOUNI\VISUAL STUDIO 2010\PROJECTS\MC_PRICER\MC_PRICER\DEBUG\SIMPLEMC.OBJ
\\PARADIS\ELEVES\SBERRADA.SOUNI\VISUAL STUDIO 2010\PROJECTS\MC_PRICER\MC_PRICER\DEBUG\VC100.PDB
\\paradis\eleves\SBERRADA.SOUNI\Visual Studio 2010\Projects\MC_Pricer2\MC_Pricer\Debug\MC_Pricer.exe
\\PARADIS\ELEVES\SBERRADA.SOUNI\VISUAL STUDIO 2010\PROJECTS\MC_PRICER2\MC_PRICER\DEBUG\MC_PRICER.ILK
\\PARADIS\ELEVES\SBERRADA.SOUNI\VISUAL STUDIO 2010\PROJECTS\MC_PRICER2\MC_PRICER\DEBUG\MC_PRICER.PDB
\\PARADIS\ELEVES\SBERRADA.SOUNI\VISUAL STUDIO 2010\PROJECTS\MC_PRICER2\MC_PRICER\MC_PRICER\DEBUG\CALL.OBJ
\\paradis\eleves\SBERRADA.SOUNI\Visual Studio 2010\Projects\MC_Pricer2\MC_Pricer\MC_Pricer\Debug\cl.command.1.tlog
\\paradis\eleves\SBERRADA.SOUNI\Visual Studio 2010\Projects\MC_Pricer2\MC_Pricer\MC_Pricer\Debug\CL.read.1.tlog
\\paradis\eleves\SBERRADA.SOUNI\Visual Studio 2010\Projects\MC_Pricer2\MC_Pricer\MC_Pricer\Debug\CL.write.1.tlog
\\PARADIS\ELEVES\SBERRADA.SOUNI\VISUAL STUDIO 2010\PROJECTS\MC_PRICER2\MC_PRICER\MC_PRICER\DEBUG\DOUBLEDIGITAL.OBJ
\\PARADIS\ELEVES\SBERRADA.SOUNI\VISUAL STUDIO 2010\PROJECTS\MC_PRICER2\MC_PRICER\MC_PRICER\DEBUG\GENERATEURALEA.OBJ
\\PARADIS\ELEVES\SBERRADA.SOUNI\VISUAL STUDIO 2010\PROJECTS\MC_PRICER2\MC_PRICER\MC_PRICER\DEBUG\GENVECTEURALEATOIRE.OBJ
\\paradis\eleves\SBERRADA.SOUNI\Visual Studio 2010\Projects\MC_Pricer2\MC_Pricer\MC_Pricer\Debug\link.1336.read.1.tlog
\\paradis\eleves\SBERRADA.SOUNI\Visual Studio 2010\Projects\MC_Pricer2\MC_Pricer\MC_Pricer\Debug\link.1336.write.1.tlog
\\paradis\eleves\SBERRADA.SOUNI\Visual Studio 2010\Projects\MC_Pricer2\MC_Pricer\MC_Pricer\Debug\link.1336-cvtres.read.1.tlog
\\paradis\eleves\SBERRADA.SOUNI\Visual Studio 2010\Projects\MC_Pricer2\MC_Pricer\MC_Pricer\Debug\link.1336-cvtres.write.1.tlog
\\paradis\eleves\SBERRADA.SOUNI\Visual Studio 2010\Projects\MC_Pricer2\MC_Pricer\MC_Pricer\Debug\link.1968.read.1.tlog
\\paradis\eleves\SBERRADA.SOUNI\Visual Studio 2010\Projects\MC_Pricer2\MC_Pricer\MC_Pricer\Debug\link.1968.write.1.tlog
\\paradis\eleves\SBERRADA.SOUNI\Visual Studio 2010\Projects\MC_Pricer2\MC_Pricer\MC_Pricer\Debug\link.1968-cvtres.read.1.tlog
\\paradis\eleves\SBERRADA.SOUNI\Visual Studio 2010\Projects\MC_Pricer2\MC_Pricer\MC_Pricer\Debug\link.1968-cvtres.write.1.tlog
\\paradis\eleves\SBERRADA.SOUNI\Visual Studio 2010\Projects\MC_Pricer2\MC_Pricer\MC_Pricer\Debug\link.2064.read.1.tlog
\\paradis\eleves\SBERRADA.SOUNI\Visual Studio 2010\Projects\MC_Pricer2\MC_Pricer\MC_Pricer\Debug\link.2064.write.1.tlog
\\paradis\eleves\SBERRADA.SOUNI\Visual Studio 2010\Projects\MC_Pricer2\MC_Pricer\MC_Pricer\Debug\link.2064-cvtres.read.1.tlog
\\paradis\eleves\SBERRADA.SOUNI\Visual Studio 2010\Projects\MC_Pricer2\MC_Pricer\MC_Pricer\Debug\link.2064-cvtres.write.1.tlog
\\paradis\eleves\SBERRADA.SOUNI\Visual Studio 2010\Projects\MC_Pricer2\MC_Pricer\MC_Pricer\Debug\link.2632.read.1.tlog
\\paradis\eleves\SBERRADA.SOUNI\Visual Studio 2010\Projects\MC_Pricer2\MC_Pricer\MC_Pricer\Debug\link.2632.write.1.tlog
\\paradis\eleves\SBERRADA.SOUNI\Visual Studio 2010\Projects\MC_Pricer2\MC_Pricer\MC_Pricer\Debug\link.2632-cvtres.read.1.tlog
\\paradis\eleves\SBERRADA.SOUNI\Visual Studio 2010\Projects\MC_Pricer2\MC_Pricer\MC_Pricer\Debug\link.2632-cvtres.write.1.tlog
\\paradis\eleves\SBERRADA.SOUNI\Visual Studio 2010\Projects\MC_Pricer2\MC_Pricer\MC_Pricer\Debug\link.3032.read.1.tlog
\\paradis\eleves\SBERRADA.SOUNI\Visual Studio 2010\Projects\MC_Pricer2\MC_Pricer\MC_Pricer\Debug\link.3032.write.1.tlog
\\paradis\eleves\SBERRADA.SOUNI\Visual Studio 2010\Projects\MC_Pricer2\MC_Pricer\MC_Pricer\Debug\link.3032-cvtres.read.1.tlog
\\paradis\eleves\SBERRADA.SOUNI\Visual Studio 2010\Projects\MC_Pricer2\MC_Pricer\MC_Pricer\Debug\link.3032-cvtres.write.1.tlog
\\paradis\eleves\SBERRADA.SOUNI\Visual Studio 2010\Projects\MC_Pricer2\MC_Pricer\MC_Pricer\Debug\link.3072.read.1.tlog
\\paradis\eleves\SBERRADA.SOUNI\Visual Studio 2010\Projects\MC_Pricer2\MC_Pricer\MC_Pricer\Debug\link.3072.write.1.tlog
\\paradis\eleves\SBERRADA.SOUNI\Visual Studio 2010\Projects\MC_Pricer2\MC_Pricer\MC_Pricer\Debug\link.3072-cvtres.read.1.tlog
\\paradis\eleves\SBERRADA.SOUNI\Visual Studio 2010\Projects\MC_Pricer2\MC_Pricer\MC_Pricer\Debug\link.3072-cvtres.write.1.tlog
\\paradis\eleves\SBERRADA.SOUNI\Visual Studio 2010\Projects\MC_Pricer2\MC_Pricer\MC_Pricer\Debug\link.3476.read.1.tlog
\\paradis\eleves\SBERRADA.SOUNI\Visual Studio 2010\Projects\MC_Pricer2\MC_Pricer\MC_Pricer\Debug\link.3476.write.1.tlog
\\paradis\eleves\SBERRADA.SOUNI\Visual Studio 2010\Projects\MC_Pricer2\MC_Pricer\MC_Pricer\Debug\link.3476-cvtres.read.1.tlog
\\paradis\eleves\SBERRADA.SOUNI\Visual Studio 2010\Projects\MC_Pricer2\MC_Pricer\MC_Pricer\Debug\link.3476-cvtres.write.1.tlog
\\paradis\eleves\SBERRADA.SOUNI\Visual Studio 2010\Projects\MC_Pricer2\MC_Pricer\MC_Pricer\Debug\link.4356.read.1.tlog
\\paradis\eleves\SBERRADA.SOUNI\Visual Studio 2010\Projects\MC_Pricer2\MC_Pricer\MC_Pricer\Debug\link.4356.write.1.tlog
\\paradis\eleves\SBERRADA.SOUNI\Visual Studio 2010\Projects\MC_Pricer2\MC_Pricer\MC_Pricer\Debug\link.4356-cvtres.read.1.tlog
\\paradis\eleves\SBERRADA.SOUNI\Visual Studio 2010\Projects\MC_Pricer2\MC_Pricer\MC_Pricer\Debug\link.4356-cvtres.write.1.tlog
\\paradis\eleves\SBERRADA.SOUNI\Visual Studio 2010\Projects\MC_Pricer2\MC_Pricer\MC_Pricer\Debug\link.748.read.1.tlog
\\paradis\eleves\SBERRADA.SOUNI\Visual Studio 2010\Projects\MC_Pricer2\MC_Pricer\MC_Pricer\Debug\link.748.write.1.tlog
\\paradis\eleves\SBERRADA.SOUNI\Visual Studio 2010\Projects\MC_Pricer2\MC_Pricer\MC_Pricer\Debug\link.748-cvtres.read.1.tlog
\\paradis\eleves\SBERRADA.SOUNI\Visual Studio 2010\Projects\MC_Pricer2\MC_Pricer\MC_Pricer\Debug\link.748-cvtres.write.1.tlog
\\paradis\eleves\SBERRADA.SOUNI\Visual Studio 2010\Projects\MC_Pricer2\MC_Pricer\MC_Pricer\Debug\link.984.read.1.tlog
\\paradis\eleves\SBERRADA.SOUNI\Visual Studio 2010\Projects\MC_Pricer2\MC_Pricer\MC_Pricer\Debug\link.984.write.1.tlog
\\paradis\eleves\SBERRADA.SOUNI\Visual Studio 2010\Projects\MC_Pricer2\MC_Pricer\MC_Pricer\Debug\link.984-cvtres.read.1.tlog
\\paradis\eleves\SBERRADA.SOUNI\Visual Studio 2010\Projects\MC_Pricer2\MC_Pricer\MC_Pricer\Debug\link.984-cvtres.write.1.tlog
\\paradis\eleves\SBERRADA.SOUNI\Visual Studio 2010\Projects\MC_Pricer2\MC_Pricer\MC_Pricer\Debug\link.command.1.tlog
\\paradis\eleves\SBERRADA.SOUNI\Visual Studio 2010\Projects\MC_Pricer2\MC_Pricer\MC_Pricer\Debug\link.read.1.tlog
\\paradis\eleves\SBERRADA.SOUNI\Visual Studio 2010\Projects\MC_Pricer2\MC_Pricer\MC_Pricer\Debug\link.write.1.tlog
\\paradis\eleves\SBERRADA.SOUNI\Visual Studio 2010\Projects\MC_Pricer2\MC_Pricer\MC_Pricer\Debug\link-cvtres.read.1.tlog
\\paradis\eleves\SBERRADA.SOUNI\Visual Studio 2010\Projects\MC_Pricer2\MC_Pricer\MC_Pricer\Debug\link-cvtres.write.1.tlog
\\PARADIS\ELEVES\SBERRADA.SOUNI\VISUAL STUDIO 2010\PROJECTS\MC_PRICER2\MC_PRICER\MC_PRICER\DEBUG\MAIN.OBJ
\\paradis\eleves\SBERRADA.SOUNI\Visual Studio 2010\Projects\MC_Pricer2\MC_Pricer\MC_Pricer\Debug\Main_MC1.obj
\\paradis\eleves\SBERRADA.SOUNI\Visual Studio 2010\Projects\MC_Pricer2\MC_Pricer\MC_Pricer\Debug\MC_Pricer.exe.embed.manifest
\\paradis\eleves\SBERRADA.SOUNI\Visual Studio 2010\Projects\MC_Pricer2\MC_Pricer\MC_Pricer\Debug\MC_Pricer.exe.embed.manifest.res
\\paradis\eleves\SBERRADA.SOUNI\Visual Studio 2010\Projects\MC_Pricer2\MC_Pricer\MC_Pricer\Debug\MC_Pricer.exe.intermediate.manifest
\\paradis\eleves\SBERRADA.SOUNI\Visual Studio 2010\Projects\MC_Pricer2\MC_Pricer\MC_Pricer\Debug\MC_Pricer_manifest.rc
\\PARADIS\ELEVES\SBERRADA.SOUNI\VISUAL STUDIO 2010\PROJECTS\MC_PRICER2\MC_PRICER\MC_PRICER\DEBUG\MONTECARLO.OBJ
\\PARADIS\ELEVES\SBERRADA.SOUNI\VISUAL STUDIO 2010\PROJECTS\MC_PRICER2\MC_PRICER\MC_PRICER\DEBUG\MONTECARLOASIAT.OBJ
\\PARADIS\ELEVES\SBERRADA.SOUNI\VISUAL STUDIO 2010\PROJECTS\MC_PRICER2\MC_PRICER\MC_PRICER\DEBUG\MONTECARLOVANILLE.OBJ
\\paradis\eleves\SBERRADA.SOUNI\Visual Studio 2010\Projects\MC_Pricer2\MC_Pricer\MC_Pricer\Debug\mt.command.1.tlog
\\paradis\eleves\SBERRADA.SOUNI\Visual Studio 2010\Projects\MC_Pricer2\MC_Pricer\MC_Pricer\Debug\mt.read.1.tlog
\\paradis\eleves\SBERRADA.SOUNI\Visual Studio 2010\Projects\MC_Pricer2\MC_Pricer\MC_Pricer\Debug\mt.write.1.tlog
\\PARADIS\ELEVES\SBERRADA.SOUNI\VISUAL STUDIO 2010\PROJECTS\MC_PRICER2\MC_PRICER\MC_PRICER\DEBUG\OPTIONASIATIQUE.OBJ
\\paradis\eleves\SBERRADA.SOUNI\Visual Studio 2010\Projects\MC_Pricer2\MC_Pricer\MC_Pricer\Debug\OptionAsiatiqueArithmetique.obj
\\PARADIS\ELEVES\SBERRADA.SOUNI\VISUAL STUDIO 2010\PROJECTS\MC_PRICER2\MC_PRICER\MC_PRICER\DEBUG\OPTIONVANILLE.OBJ
\\paradis\eleves\SBERRADA.SOUNI\Visual Studio 2010\Projects\MC_Pricer2\MC_Pricer\MC_Pricer\Debug\PayOff1.obj
\\PARADIS\ELEVES\SBERRADA.SOUNI\VISUAL STUDIO 2010\PROJECTS\MC_PRICER2\MC_PRICER\MC_PRICER\DEBUG\PAYOFFCALL.OBJ
\\PARADIS\ELEVES\SBERRADA.SOUNI\VISUAL STUDIO 2010\PROJECTS\MC_PRICER2\MC_PRICER\MC_PRICER\DEBUG\PAYOFFDOUBLEDIGITAL.OBJ
\\PARADIS\ELEVES\SBERRADA.SOUNI\VISUAL STUDIO 2010\PROJECTS\MC_PRICER2\MC_PRICER\MC_PRICER\DEBUG\PAYOFFPUT.OBJ
\\PARADIS\ELEVES\SBERRADA.SOUNI\VISUAL STUDIO 2010\PROJECTS\MC_PRICER2\MC_PRICER\MC_PRICER\DEBUG\PUT.OBJ
\\PARADIS\ELEVES\SBERRADA.SOUNI\VISUAL STUDIO 2010\PROJECTS\MC_PRICER2\MC_PRICER\MC_PRICER\DEBUG\RANDOM.OBJ
\\paradis\eleves\SBERRADA.SOUNI\Visual Studio 2010\Projects\MC_Pricer2\MC_Pricer\MC_Pricer\Debug\rc.command.1.tlog
\\paradis\eleves\SBERRADA.SOUNI\Visual Studio 2010\Projects\MC_Pricer2\MC_Pricer\MC_Pricer\Debug\rc.read.1.tlog
\\paradis\eleves\SBERRADA.SOUNI\Visual Studio 2010\Projects\MC_Pricer2\MC_Pricer\MC_Pricer\Debug\rc.write.1.tlog
\\PARADIS\ELEVES\SBERRADA.SOUNI\VISUAL STUDIO 2010\PROJECTS\MC_PRICER2\MC_PRICER\MC_PRICER\DEBUG\SIMPLEMC.OBJ
\\paradis\eleves\SBERRADA.SOUNI\Visual Studio 2010\Projects\MC_Pricer2\MC_Pricer\MC_Pricer\Debug\vc100.idb
\\PARADIS\ELEVES\SBERRADA.SOUNI\VISUAL STUDIO 2010\PROJECTS\MC_PRICER2\MC_PRICER\MC_PRICER\DEBUG\VC100.PDB
W:\VISUAL STUDIO 2010\PROJECTS\MC_PRICER\DEBUG\MC_PRICER.PDB
W:\VISUAL STUDIO 2010\PROJECTS\MC_PRICER\MC_PRICER\DEBUG\CALL.OBJ
W:\VISUAL STUDIO 2010\PROJECTS\MC_PRICER\MC_PRICER\DEBUG\DOUBLEDIGITAL.OBJ
W:\VISUAL STUDIO 2010\PROJECTS\MC_PRICER\MC_PRICER\DEBUG\MAIN.OBJ
W:\VISUAL STUDIO 2010\PROJECTS\MC_PRICER\MC_PRICER\DEBUG\PUT.OBJ
W:\VISUAL STUDIO 2010\PROJECTS\MC_PRICER\MC_PRICER\DEBUG\RANDOM.OBJ
W:\VISUAL STUDIO 2010\PROJECTS\MC_PRICER\MC_PRICER\DEBUG\SIMPLEMC.OBJ
W:\VISUAL STUDIO 2010\PROJECTS\MC_PRICER\MC_PRICER\DEBUG\VC100.PDB
W:\VISUAL STUDIO 2010\PROJECTS\MC_PRICER2\MC_PRICER\DEBUG\MC_PRICER.PDB
W:\VISUAL STUDIO 2010\PROJECTS\MC_PRICER2\MC_PRICER\MC_PRICER\DEBUG\GENERATEURALEA.OBJ
W:\VISUAL STUDIO 2010\PROJECTS\MC_PRICER2\MC_PRICER\MC_PRICER\DEBUG\MAIN.OBJ
W:\VISUAL STUDIO 2010\PROJECTS\MC_PRICER2\MC_PRICER\MC_PRICER\DEBUG\MONTECARLO.OBJ
W:\VISUAL STUDIO 2010\PROJECTS\MC_PRICER2\MC_PRICER\MC_PRICER\DEBUG\OPTIONASIATIQUEARITHMETIQUE.OBJ
W:\VISUAL STUDIO 2010\PROJECTS\MC_PRICER2\MC_PRICER\MC_PRICER\DEBUG\OPTIONVANILLE.OBJ
W:\VISUAL STUDIO 2010\PROJECTS\MC_PRICER2\MC_PRICER\MC_PRICER\DEBUG\PAYOFFCALL.OBJ
W:\VISUAL STUDIO 2010\PROJECTS\MC_PRICER2\MC_PRICER\MC_PRICER\DEBUG\PAYOFFDOUBLEDIGITAL.OBJ
W:\VISUAL STUDIO 2010\PROJECTS\MC_PRICER2\MC_PRICER\MC_PRICER\DEBUG\PAYOFFPUT.OBJ
W:\VISUAL STUDIO 2010\PROJECTS\MC_PRICER2\MC_PRICER\MC_PRICER\DEBUG\VC100.PDB
